<?xml version="1.0" encoding="UTF-8"?>
<robot generator="Robot 3.2.2 (Python 3.8.3 on win32)" generated="20201221 23:31:12.211" rpa="false">
<suite id="s1" name="Amazon" source="C:\Users\rohit\PycharmProjects\Amazon\Tests\amazon.robot">
<test id="s1-t1" name="User must sign in to checkout">
<kw name="Open Browser" library="SeleniumLibrary">
<doc>Opens a new browser instance to the optional ``url``.</doc>
<arguments>
<arg>http://www.amazon.com</arg>
<arg>chrome</arg>
</arguments>
<msg timestamp="20201221 23:31:12.824" level="INFO">Opening browser 'chrome' to base url 'http://www.amazon.com'.</msg>
<status status="PASS" starttime="20201221 23:31:12.824" endtime="20201221 23:31:18.976"></status>
</kw>
<kw name="Close Browser" library="SeleniumLibrary">
<doc>Closes the current browser.</doc>
<status status="PASS" starttime="20201221 23:31:18.979" endtime="20201221 23:31:21.186"></status>
</kw>
<doc>This is some basic info about the test</doc>
<tags>
<tag>Smoke</tag>
</tags>
<status status="PASS" starttime="20201221 23:31:12.823" endtime="20201221 23:31:21.188" critical="yes"></status>
</test>
<doc>This is a basic idea of the test suite</doc>
<status status="PASS" starttime="20201221 23:31:12.214" endtime="20201221 23:31:21.194"></status>
</suite>
<statistics>
<total>
<stat pass="1" fail="0">Critical Tests</stat>
<stat pass="1" fail="0">All Tests</stat>
</total>
<tag>
<stat pass="1" fail="0">Smoke</stat>
</tag>
<suite>
<stat pass="1" fail="0" id="s1" name="Amazon">Amazon</stat>
</suite>
</statistics>
<errors>
</errors>
</robot>
