<?xml version="1.0" encoding="UTF-8"?>
<robot generator="Robot 3.2.2 (Python 3.8.3 on win32)" generated="20201224 11:00:29.977" rpa="false">
<suite id="s1" name="Keyworddemo" source="C:\Users\rohit\PycharmProjects\Amazon\Keyworddemo\keyworddemo.robot">
<test id="s1-t1" name="Test case 1">
<kw name="Get Good Job">
<kw name="Log" library="BuiltIn">
<doc>Logs the given message with the given level.</doc>
<arguments>
<arg>I need to get a good job</arg>
</arguments>
<msg timestamp="20201224 11:00:30.048" level="INFO">I need to get a good job</msg>
<status status="PASS" starttime="20201224 11:00:30.048" endtime="20201224 11:00:30.048"></status>
</kw>
<status status="PASS" starttime="20201224 11:00:30.048" endtime="20201224 11:00:30.048"></status>
</kw>
<kw name="Make Parents Happy">
<kw name="Log" library="BuiltIn">
<doc>Logs the given message with the given level.</doc>
<arguments>
<arg>Make my parents very happy</arg>
</arguments>
<msg timestamp="20201224 11:00:30.051" level="INFO">Make my parents very happy</msg>
<status status="PASS" starttime="20201224 11:00:30.051" endtime="20201224 11:00:30.051"></status>
</kw>
<status status="PASS" starttime="20201224 11:00:30.050" endtime="20201224 11:00:30.051"></status>
</kw>
<status status="PASS" starttime="20201224 11:00:30.047" endtime="20201224 11:00:30.052" critical="yes"></status>
</test>
<test id="s1-t2" name="Test case 2">
<kw name="Have Good Mind">
<kw name="Log" library="BuiltIn">
<doc>Logs the given message with the given level.</doc>
<arguments>
<arg>I need to have a good mind</arg>
</arguments>
<msg timestamp="20201224 11:00:30.058" level="INFO">I need to have a good mind</msg>
<status status="PASS" starttime="20201224 11:00:30.058" endtime="20201224 11:00:30.058"></status>
</kw>
<status status="PASS" starttime="20201224 11:00:30.056" endtime="20201224 11:00:30.059"></status>
</kw>
<kw name="Make Parents Happy">
<kw name="Log" library="BuiltIn">
<doc>Logs the given message with the given level.</doc>
<arguments>
<arg>Make my parents very happy</arg>
</arguments>
<msg timestamp="20201224 11:00:30.060" level="INFO">Make my parents very happy</msg>
<status status="PASS" starttime="20201224 11:00:30.060" endtime="20201224 11:00:30.060"></status>
</kw>
<status status="PASS" starttime="20201224 11:00:30.059" endtime="20201224 11:00:30.060"></status>
</kw>
<status status="PASS" starttime="20201224 11:00:30.056" endtime="20201224 11:00:30.062" critical="yes"></status>
</test>
<status status="PASS" starttime="20201224 11:00:29.986" endtime="20201224 11:00:30.065"></status>
</suite>
<statistics>
<total>
<stat pass="2" fail="0">Critical Tests</stat>
<stat pass="2" fail="0">All Tests</stat>
</total>
<tag>
</tag>
<suite>
<stat pass="2" fail="0" id="s1" name="Keyworddemo">Keyworddemo</stat>
</suite>
</statistics>
<errors>
</errors>
</robot>
