<?xml version="1.0" encoding="UTF-8"?>
<robot generator="Robot 3.2.2 (Python 3.8.3 on win32)" generated="20201224 21:43:24.025" rpa="false">
<suite id="s1" name="Variablepassingtokeyword" source="C:\Users\rohit\PycharmProjects\Amazon\VariableDemo\tests\variablepassingtokeyword.robot">
<test id="s1-t1" name="Test Case 1">
<kw name="Begin Test">
<arguments>
<arg>@{LIST_VARIABLE}</arg>
</arguments>
<kw name="Open Browser" library="SeleniumLibrary">
<doc>Opens a new browser instance to the optional ``url``.</doc>
<arguments>
<arg>@{LIST_VARIABLE}[0]</arg>
<arg>@{LIST_VARIABLE}[1]</arg>
</arguments>
<msg timestamp="20201224 21:43:24.690" level="WARN">Accessing variable items using '@{LIST_VARIABLE}[0]' syntax is deprecated. Use '${LIST_VARIABLE}[0]' instead.</msg>
<msg timestamp="20201224 21:43:24.696" level="WARN">Accessing variable items using '@{LIST_VARIABLE}[1]' syntax is deprecated. Use '${LIST_VARIABLE}[1]' instead.</msg>
<msg timestamp="20201224 21:43:24.701" level="INFO">Opening browser 'chrome' to base url 'http:///www.amazon.com'.</msg>
<status status="PASS" starttime="20201224 21:43:24.690" endtime="20201224 21:43:31.356"></status>
</kw>
<kw name="Close Browser" library="SeleniumLibrary">
<doc>Closes the current browser.</doc>
<status status="PASS" starttime="20201224 21:43:31.356" endtime="20201224 21:43:34.238"></status>
</kw>
<status status="PASS" starttime="20201224 21:43:24.690" endtime="20201224 21:43:34.239"></status>
</kw>
<status status="PASS" starttime="20201224 21:43:24.689" endtime="20201224 21:43:34.240" critical="yes"></status>
</test>
<status status="PASS" starttime="20201224 21:43:24.032" endtime="20201224 21:43:34.244"></status>
</suite>
<statistics>
<total>
<stat pass="1" fail="0">Critical Tests</stat>
<stat pass="1" fail="0">All Tests</stat>
</total>
<tag>
</tag>
<suite>
<stat pass="1" fail="0" id="s1" name="Variablepassingtokeyword">Variablepassingtokeyword</stat>
</suite>
</statistics>
<errors>
<msg timestamp="20201224 21:43:24.690" level="WARN">Accessing variable items using '@{LIST_VARIABLE}[0]' syntax is deprecated. Use '${LIST_VARIABLE}[0]' instead.</msg>
<msg timestamp="20201224 21:43:24.696" level="WARN">Accessing variable items using '@{LIST_VARIABLE}[1]' syntax is deprecated. Use '${LIST_VARIABLE}[1]' instead.</msg>
</errors>
</robot>
