<?xml version="1.0" encoding="UTF-8"?>
<robot generator="Robot 3.2.2 (Python 3.8.3 on win32)" generated="20201230 12:53:38.947" rpa="false">
<suite id="s1" name="Example" source="C:\Users\rohit\PycharmProjects\Amazon\tests\Example.robot">
<test id="s1-t1" name="User must sign in to checkout">
<kw name="Open Browser" library="SeleniumLibrary">
<doc>Opens a new browser instance to the optional ``url``.</doc>
<arguments>
<arg>https://www.myntra.com</arg>
<arg>chrome</arg>
</arguments>
<msg timestamp="20201230 12:53:39.148" level="INFO">Opening browser 'chrome' to base url 'https://www.myntra.com'.</msg>
<status status="PASS" starttime="20201230 12:53:39.148" endtime="20201230 12:53:43.643"></status>
</kw>
<kw name="Mouse Over" library="SeleniumLibrary">
<doc>Simulates hovering the mouse over the element ``locator``.</doc>
<arguments>
<arg>xpath=//a[contains(text(),"Men")]</arg>
</arguments>
<msg timestamp="20201230 12:53:43.643" level="INFO">Simulating Mouse Over on element 'xpath=//a[contains(text(),"Men")]'.</msg>
<status status="PASS" starttime="20201230 12:53:43.643" endtime="20201230 12:53:44.011"></status>
</kw>
<kw name="Sleep" library="BuiltIn">
<doc>Pauses the test executed for the given time.</doc>
<arguments>
<arg>3s</arg>
</arguments>
<msg timestamp="20201230 12:53:47.014" level="INFO">Slept 3 seconds</msg>
<status status="PASS" starttime="20201230 12:53:44.011" endtime="20201230 12:53:47.014"></status>
</kw>
<doc>This is some basic info about the test</doc>
<tags>
<tag>Smoke</tag>
</tags>
<status status="PASS" starttime="20201230 12:53:39.148" endtime="20201230 12:53:47.014" critical="yes"></status>
</test>
<doc>This is a basic idea of the test suite</doc>
<status status="PASS" starttime="20201230 12:53:38.955" endtime="20201230 12:53:47.014"></status>
</suite>
<statistics>
<total>
<stat pass="1" fail="0">Critical Tests</stat>
<stat pass="1" fail="0">All Tests</stat>
</total>
<tag>
<stat pass="1" fail="0">Smoke</stat>
</tag>
<suite>
<stat pass="1" fail="0" id="s1" name="Example">Example</stat>
</suite>
</statistics>
<errors>
</errors>
</robot>
